Namespace(config_file='configs/manual_mosei_s010_lr8e5_seed42_20260606.yaml', seed=42, gpu_id=0)
namespace(base=namespace(project_name='HTER_MANUAL_MOSEI_S010_LR8E5_SEED42', ckpt_root='./ckpt', seed=42, lr=8e-05, weight_decay=0.0001, batch_size=64, n_epochs=80, num_workers=8, gpu_id=0), dataset=namespace(datasetName='mosei', dataPath='/root/autodl-tmp/DPDF-LQ/dataset/MOSEI/aligned_50.pkl', train_mode='regression'), model=namespace(bert_pretrained='/root/.cache/huggingface/hub/models--bert-base-uncased/snapshots/autogenerated', l_proj_dim=768, a_proj_dim=74, v_proj_dim=35, proj_dst_dim=128, token_len=8, token_dim=128, l_proj_length=500, a_proj_length=500, v_proj_length=500, proj_input_dim=128, proj_depth=1, proj_heads=8, proj_mlp_dim=128, token_length=8, l_enc_heads=8, l_enc_mlp_dim=128, DGLQA_depth=3, DGLQA_heads=8, DGLQA_dim_head=16, DGLQA_droup=0.0, fusion_heads=8, fusion_mlp_dim=128, fusion_layer_depth=4, hde_max_gate_shift=0.1, sae_support_scale=0.1, lbe_behavior_scale=0.1, use_av_tcn=False))
-----------------args-----------------
namespace(base=namespace(project_name='HTER_MANUAL_MOSEI_S010_LR8E5_SEED42', ckpt_root='./ckpt', seed=42, lr=8e-05, weight_decay=0.0001, batch_size=64, n_epochs=80, num_workers=8, gpu_id=0), dataset=namespace(datasetName='mosei', dataPath='/root/autodl-tmp/DPDF-LQ/dataset/MOSEI/aligned_50.pkl', train_mode='regression'), model=namespace(bert_pretrained='/root/.cache/huggingface/hub/models--bert-base-uncased/snapshots/autogenerated', l_proj_dim=768, a_proj_dim=74, v_proj_dim=35, proj_dst_dim=128, token_len=8, token_dim=128, l_proj_length=500, a_proj_length=500, v_proj_length=500, proj_input_dim=128, proj_depth=1, proj_heads=8, proj_mlp_dim=128, token_length=8, l_enc_heads=8, l_enc_mlp_dim=128, DGLQA_depth=3, DGLQA_heads=8, DGLQA_dim_head=16, DGLQA_droup=0.0, fusion_heads=8, fusion_mlp_dim=128, fusion_layer_depth=4, hde_max_gate_shift=0.1, sae_support_scale=0.1, lbe_behavior_scale=0.1, use_av_tcn=False))
-------------------------------------
Device: cuda (0)
seed42
----------------- mosei train -----------------
Language shape: (16326, 3, 50)
Vision shape: (16326, 50, 35)
Audio shape: (16326, 50, 74)
-------------------------------------------------------------------------
----------------- mosei valid -----------------
Language shape: (1871, 3, 50)
Vision shape: (1871, 50, 35)
Audio shape: (1871, 50, 74)
-------------------------------------------------------------------------
----------------- mosei test -----------------
Language shape: (4659, 3, 50)
Vision shape: (4659, 50, 35)
Audio shape: (4659, 50, 74)
-------------------------------------------------------------------------

----------------- Results Epoch 1 -----------------
Learning Rate: 0.0
Training Results: {'Has0_acc_2': 0.4574, 'Has0_F1_score': 0.4759, 'Non0_acc_2': 0.4742, 'Non0_F1_score': 0.4777, 'Mult_acc_5': 0.4165, 'Mult_acc_7': 0.4165, 'MAE': 0.8813, 'Corr': 0.0038}
Validation Results: {'Has0_acc_2': 0.2769, 'Has0_F1_score': 0.1443, 'Non0_acc_2': 0.3561, 'Non0_F1_score': 0.2125, 'Mult_acc_5': 0.4463, 'Mult_acc_7': 0.4463, 'MAE': 0.7969, 'Corr': 0.0189}
Test Results: {'Has0_acc_2': 0.3005, 'Has0_F1_score': 0.165, 'Non0_acc_2': 0.3784, 'Non0_F1_score': 0.232, 'Mult_acc_5': 0.4136, 'Mult_acc_7': 0.4136, 'MAE': 0.8568, 'Corr': 0.0167}

Best Validation Results across All Epochs: {'Has0_acc_2': 0.2769, 'Has0_F1_score': 0.1443, 'Non0_acc_2': 0.3561, 'Non0_F1_score': 0.2125, 'Mult_acc_5': 0.4463, 'Mult_acc_7': 0.4463, 'MAE': 0.7969, 'Corr': 0.0189}
Best Validation Results of One Epoch: {'Has0_acc_2': 0.2769, 'Has0_F1_score': 0.1443, 'Non0_acc_2': 0.3561, 'Non0_F1_score': 0.2125, 'Mult_acc_5': 0.4463, 'Mult_acc_7': 0.4463, 'MAE': 0.7969, 'Corr': 0.0189}

Best Test Results across All Epochs: {'Has0_acc_2': 0.3005, 'Has0_F1_score': 0.165, 'Non0_acc_2': 0.3784, 'Non0_F1_score': 0.232, 'Mult_acc_5': 0.4136, 'Mult_acc_7': 0.4136, 'MAE': 0.8568, 'Corr': 0.0167}
Best Test Results of One Epoch: {'Has0_acc_2': 0.3005, 'Has0_F1_score': 0.165, 'Non0_acc_2': 0.3784, 'Non0_F1_score': 0.232, 'Mult_acc_5': 0.4136, 'Mult_acc_7': 0.4136, 'MAE': 0.8568, 'Corr': 0.0167}
----------------------------------------------------------


----------------- Results Epoch 2 -----------------
Learning Rate: 1e-05
Training Results: {'Has0_acc_2': 0.7757, 'Has0_F1_score': 0.7793, 'Non0_acc_2': 0.796, 'Non0_F1_score': 0.7936, 'Mult_acc_5': 0.4636, 'Mult_acc_7': 0.4582, 'MAE': 0.664, 'Corr': 0.6222}
Validation Results: {'Has0_acc_2': 0.8295, 'Has0_F1_score': 0.8345, 'Non0_acc_2': 0.863, 'Non0_F1_score': 0.8628, 'Mult_acc_5': 0.5489, 'Mult_acc_7': 0.5339, 'MAE': 0.5264, 'Corr': 0.7418}
Test Results: {'Has0_acc_2': 0.8195, 'Has0_F1_score': 0.8243, 'Non0_acc_2': 0.858, 'Non0_F1_score': 0.8578, 'Mult_acc_5': 0.5357, 'Mult_acc_7': 0.5203, 'MAE': 0.5494, 'Corr': 0.7583}

Best Validation Results across All Epochs: {'Has0_acc_2': 0.8295, 'Has0_F1_score': 0.8345, 'Non0_acc_2': 0.863, 'Non0_F1_score': 0.8628, 'Mult_acc_5': 0.5489, 'Mult_acc_7': 0.5339, 'MAE': 0.5264, 'Corr': 0.7418}
Best Validation Results of One Epoch: {'Has0_acc_2': 0.8295, 'Has0_F1_score': 0.8345, 'Non0_acc_2': 0.863, 'Non0_F1_score': 0.8628, 'Mult_acc_5': 0.5489, 'Mult_acc_7': 0.5339, 'MAE': 0.5264, 'Corr': 0.7418}

Best Test Results across All Epochs: {'Has0_acc_2': 0.8195, 'Has0_F1_score': 0.8243, 'Non0_acc_2': 0.858, 'Non0_F1_score': 0.8578, 'Mult_acc_5': 0.5357, 'Mult_acc_7': 0.5203, 'MAE': 0.5494, 'Corr': 0.7583}
Best Test Results of One Epoch: {'Has0_acc_2': 0.8195, 'Has0_F1_score': 0.8243, 'Non0_acc_2': 0.858, 'Non0_F1_score': 0.8578, 'Mult_acc_5': 0.5357, 'Mult_acc_7': 0.5203, 'MAE': 0.5494, 'Corr': 0.7583}
----------------------------------------------------------


----------------- Results Epoch 3 -----------------
Learning Rate: 2e-05
Training Results: {'Has0_acc_2': 0.8309, 'Has0_F1_score': 0.835, 'Non0_acc_2': 0.8721, 'Non0_F1_score': 0.8716, 'Mult_acc_5': 0.5559, 'Mult_acc_7': 0.5371, 'MAE': 0.523, 'Corr': 0.7922}
Validation Results: {'Has0_acc_2': 0.8167, 'Has0_F1_score': 0.8233, 'Non0_acc_2': 0.8581, 'Non0_F1_score': 0.8586, 'Mult_acc_5': 0.5521, 'Mult_acc_7': 0.5361, 'MAE': 0.5229, 'Corr': 0.7585}
Test Results: {'Has0_acc_2': 0.8176, 'Has0_F1_score': 0.8234, 'Non0_acc_2': 0.8638, 'Non0_F1_score': 0.8642, 'Mult_acc_5': 0.5471, 'Mult_acc_7': 0.5297, 'MAE': 0.5392, 'Corr': 0.7737}

Best Validation Results across All Epochs: {'Has0_acc_2': 0.8295, 'Has0_F1_score': 0.8345, 'Non0_acc_2': 0.863, 'Non0_F1_score': 0.8628, 'Mult_acc_5': 0.5521, 'Mult_acc_7': 0.5361, 'MAE': 0.5229, 'Corr': 0.7585}
Best Validation Results of One Epoch: {'Has0_acc_2': 0.8167, 'Has0_F1_score': 0.8233, 'Non0_acc_2': 0.8581, 'Non0_F1_score': 0.8586, 'Mult_acc_5': 0.5521, 'Mult_acc_7': 0.5361, 'MAE': 0.5229, 'Corr': 0.7585}

Best Test Results across All Epochs: {'Has0_acc_2': 0.8195, 'Has0_F1_score': 0.8243, 'Non0_acc_2': 0.8638, 'Non0_F1_score': 0.8642, 'Mult_acc_5': 0.5471, 'Mult_acc_7': 0.5297, 'MAE': 0.5392, 'Corr': 0.7737}
Best Test Results of One Epoch: {'Has0_acc_2': 0.8176, 'Has0_F1_score': 0.8234, 'Non0_acc_2': 0.8638, 'Non0_F1_score': 0.8642, 'Mult_acc_5': 0.5471, 'Mult_acc_7': 0.5297, 'MAE': 0.5392, 'Corr': 0.7737}
----------------------------------------------------------


----------------- Results Epoch 4 -----------------
Learning Rate: 3.0000000000000004e-05
Training Results: {'Has0_acc_2': 0.8599, 'Has0_F1_score': 0.8632, 'Non0_acc_2': 0.9087, 'Non0_F1_score': 0.9083, 'Mult_acc_5': 0.6157, 'Mult_acc_7': 0.5904, 'MAE': 0.4453, 'Corr': 0.8569}
Validation Results: {'Has0_acc_2': 0.8423, 'Has0_F1_score': 0.8447, 'Non0_acc_2': 0.8609, 'Non0_F1_score': 0.8594, 'Mult_acc_5': 0.5457, 'Mult_acc_7': 0.5318, 'MAE': 0.5282, 'Corr': 0.7531}
Test Results: {'Has0_acc_2': 0.8289, 'Has0_F1_score': 0.8312, 'Non0_acc_2': 0.8544, 'Non0_F1_score': 0.8527, 'Mult_acc_5': 0.5499, 'Mult_acc_7': 0.5336, 'MAE': 0.5369, 'Corr': 0.7747}

Best Validation Results across All Epochs: {'Has0_acc_2': 0.8423, 'Has0_F1_score': 0.8447, 'Non0_acc_2': 0.863, 'Non0_F1_score': 0.8628, 'Mult_acc_5': 0.5521, 'Mult_acc_7': 0.5361, 'MAE': 0.5229, 'Corr': 0.7585}
Best Validation Results of One Epoch: {'Has0_acc_2': 0.8167, 'Has0_F1_score': 0.8233, 'Non0_acc_2': 0.8581, 'Non0_F1_score': 0.8586, 'Mult_acc_5': 0.5521, 'Mult_acc_7': 0.5361, 'MAE': 0.5229, 'Corr': 0.7585}

Best Test Results across All Epochs: {'Has0_acc_2': 0.8289, 'Has0_F1_score': 0.8312, 'Non0_acc_2': 0.8638, 'Non0_F1_score': 0.8642, 'Mult_acc_5': 0.5499, 'Mult_acc_7': 0.5336, 'MAE': 0.5369, 'Corr': 0.7747}
Best Test Results of One Epoch: {'Has0_acc_2': 0.8289, 'Has0_F1_score': 0.8312, 'Non0_acc_2': 0.8544, 'Non0_F1_score': 0.8527, 'Mult_acc_5': 0.5499, 'Mult_acc_7': 0.5336, 'MAE': 0.5369, 'Corr': 0.7747}
----------------------------------------------------------


----------------- Results Epoch 5 -----------------
Learning Rate: 4e-05
Training Results: {'Has0_acc_2': 0.8761, 'Has0_F1_score': 0.8794, 'Non0_acc_2': 0.9325, 'Non0_F1_score': 0.9324, 'Mult_acc_5': 0.6923, 'Mult_acc_7': 0.6628, 'MAE': 0.3657, 'Corr': 0.906}
Validation Results: {'Has0_acc_2': 0.8065, 'Has0_F1_score': 0.8141, 'Non0_acc_2': 0.8491, 'Non0_F1_score': 0.8499, 'Mult_acc_5': 0.5313, 'Mult_acc_7': 0.5174, 'MAE': 0.5394, 'Corr': 0.73}
Test Results: {'Has0_acc_2': 0.792, 'Has0_F1_score': 0.7996, 'Non0_acc_2': 0.8401, 'Non0_F1_score': 0.8412, 'Mult_acc_5': 0.543, 'Mult_acc_7': 0.5261, 'MAE': 0.5501, 'Corr': 0.7586}

Best Validation Results across All Epochs: {'Has0_acc_2': 0.8423, 'Has0_F1_score': 0.8447, 'Non0_acc_2': 0.863, 'Non0_F1_score': 0.8628, 'Mult_acc_5': 0.5521, 'Mult_acc_7': 0.5361, 'MAE': 0.5229, 'Corr': 0.7585}
Best Validation Results of One Epoch: {'Has0_acc_2': 0.8167, 'Has0_F1_score': 0.8233, 'Non0_acc_2': 0.8581, 'Non0_F1_score': 0.8586, 'Mult_acc_5': 0.5521, 'Mult_acc_7': 0.5361, 'MAE': 0.5229, 'Corr': 0.7585}

Best Test Results across All Epochs: {'Has0_acc_2': 0.8289, 'Has0_F1_score': 0.8312, 'Non0_acc_2': 0.8638, 'Non0_F1_score': 0.8642, 'Mult_acc_5': 0.5499, 'Mult_acc_7': 0.5336, 'MAE': 0.5369, 'Corr': 0.7747}
Best Test Results of One Epoch: {'Has0_acc_2': 0.8289, 'Has0_F1_score': 0.8312, 'Non0_acc_2': 0.8544, 'Non0_F1_score': 0.8527, 'Mult_acc_5': 0.5499, 'Mult_acc_7': 0.5336, 'MAE': 0.5369, 'Corr': 0.7747}
----------------------------------------------------------


----------------- Results Epoch 6 -----------------
Learning Rate: 5e-05
Training Results: {'Has0_acc_2': 0.8808, 'Has0_F1_score': 0.8841, 'Non0_acc_2': 0.9447, 'Non0_F1_score': 0.9446, 'Mult_acc_5': 0.7272, 'Mult_acc_7': 0.6976, 'MAE': 0.329, 'Corr': 0.9241}
Validation Results: {'Has0_acc_2': 0.7937, 'Has0_F1_score': 0.8032, 'Non0_acc_2': 0.8387, 'Non0_F1_score': 0.8407, 'Mult_acc_5': 0.5286, 'Mult_acc_7': 0.5136, 'MAE': 0.5649, 'Corr': 0.7337}
Test Results: {'Has0_acc_2': 0.783, 'Has0_F1_score': 0.7916, 'Non0_acc_2': 0.839, 'Non0_F1_score': 0.8404, 'Mult_acc_5': 0.5366, 'Mult_acc_7': 0.5173, 'MAE': 0.5713, 'Corr': 0.7634}

Best Validation Results across All Epochs: {'Has0_acc_2': 0.8423, 'Has0_F1_score': 0.8447, 'Non0_acc_2': 0.863, 'Non0_F1_score': 0.8628, 'Mult_acc_5': 0.5521, 'Mult_acc_7': 0.5361, 'MAE': 0.5229, 'Corr': 0.7585}
Best Validation Results of One Epoch: {'Has0_acc_2': 0.8167, 'Has0_F1_score': 0.8233, 'Non0_acc_2': 0.8581, 'Non0_F1_score': 0.8586, 'Mult_acc_5': 0.5521, 'Mult_acc_7': 0.5361, 'MAE': 0.5229, 'Corr': 0.7585}

Best Test Results across All Epochs: {'Has0_acc_2': 0.8289, 'Has0_F1_score': 0.8312, 'Non0_acc_2': 0.8638, 'Non0_F1_score': 0.8642, 'Mult_acc_5': 0.5499, 'Mult_acc_7': 0.5336, 'MAE': 0.5369, 'Corr': 0.7747}
Best Test Results of One Epoch: {'Has0_acc_2': 0.8289, 'Has0_F1_score': 0.8312, 'Non0_acc_2': 0.8544, 'Non0_F1_score': 0.8527, 'Mult_acc_5': 0.5499, 'Mult_acc_7': 0.5336, 'MAE': 0.5369, 'Corr': 0.7747}
----------------------------------------------------------


----------------- Results Epoch 7 -----------------
Learning Rate: 6.000000000000001e-05
Training Results: {'Has0_acc_2': 0.8802, 'Has0_F1_score': 0.884, 'Non0_acc_2': 0.9549, 'Non0_F1_score': 0.9548, 'Mult_acc_5': 0.7607, 'Mult_acc_7': 0.7304, 'MAE': 0.291, 'Corr': 0.9405}
Validation Results: {'Has0_acc_2': 0.8381, 'Has0_F1_score': 0.8401, 'Non0_acc_2': 0.8561, 'Non0_F1_score': 0.8541, 'Mult_acc_5': 0.5045, 'Mult_acc_7': 0.4874, 'MAE': 0.6089, 'Corr': 0.7389}
Test Results: {'Has0_acc_2': 0.8283, 'Has0_F1_score': 0.8306, 'Non0_acc_2': 0.8517, 'Non0_F1_score': 0.8501, 'Mult_acc_5': 0.4887, 'Mult_acc_7': 0.4645, 'MAE': 0.619, 'Corr': 0.7633}

Best Validation Results across All Epochs: {'Has0_acc_2': 0.8423, 'Has0_F1_score': 0.8447, 'Non0_acc_2': 0.863, 'Non0_F1_score': 0.8628, 'Mult_acc_5': 0.5521, 'Mult_acc_7': 0.5361, 'MAE': 0.5229, 'Corr': 0.7585}
Best Validation Results of One Epoch: {'Has0_acc_2': 0.8167, 'Has0_F1_score': 0.8233, 'Non0_acc_2': 0.8581, 'Non0_F1_score': 0.8586, 'Mult_acc_5': 0.5521, 'Mult_acc_7': 0.5361, 'MAE': 0.5229, 'Corr': 0.7585}

Best Test Results across All Epochs: {'Has0_acc_2': 0.8289, 'Has0_F1_score': 0.8312, 'Non0_acc_2': 0.8638, 'Non0_F1_score': 0.8642, 'Mult_acc_5': 0.5499, 'Mult_acc_7': 0.5336, 'MAE': 0.5369, 'Corr': 0.7747}
Best Test Results of One Epoch: {'Has0_acc_2': 0.8289, 'Has0_F1_score': 0.8312, 'Non0_acc_2': 0.8544, 'Non0_F1_score': 0.8527, 'Mult_acc_5': 0.5499, 'Mult_acc_7': 0.5336, 'MAE': 0.5369, 'Corr': 0.7747}
----------------------------------------------------------


----------------- Results Epoch 8 -----------------
Learning Rate: 7.000000000000001e-05
Training Results: {'Has0_acc_2': 0.8866, 'Has0_F1_score': 0.8901, 'Non0_acc_2': 0.9626, 'Non0_F1_score': 0.9626, 'Mult_acc_5': 0.784, 'Mult_acc_7': 0.7532, 'MAE': 0.2696, 'Corr': 0.9478}
Validation Results: {'Has0_acc_2': 0.7712, 'Has0_F1_score': 0.7829, 'Non0_acc_2': 0.8331, 'Non0_F1_score': 0.8356, 'Mult_acc_5': 0.5318, 'Mult_acc_7': 0.5142, 'MAE': 0.5567, 'Corr': 0.7367}
Test Results: {'Has0_acc_2': 0.7579, 'Has0_F1_score': 0.7684, 'Non0_acc_2': 0.8217, 'Non0_F1_score': 0.8238, 'Mult_acc_5': 0.5317, 'Mult_acc_7': 0.5104, 'MAE': 0.5764, 'Corr': 0.7563}

Best Validation Results across All Epochs: {'Has0_acc_2': 0.8423, 'Has0_F1_score': 0.8447, 'Non0_acc_2': 0.863, 'Non0_F1_score': 0.8628, 'Mult_acc_5': 0.5521, 'Mult_acc_7': 0.5361, 'MAE': 0.5229, 'Corr': 0.7585}
Best Validation Results of One Epoch: {'Has0_acc_2': 0.8167, 'Has0_F1_score': 0.8233, 'Non0_acc_2': 0.8581, 'Non0_F1_score': 0.8586, 'Mult_acc_5': 0.5521, 'Mult_acc_7': 0.5361, 'MAE': 0.5229, 'Corr': 0.7585}

Best Test Results across All Epochs: {'Has0_acc_2': 0.8289, 'Has0_F1_score': 0.8312, 'Non0_acc_2': 0.8638, 'Non0_F1_score': 0.8642, 'Mult_acc_5': 0.5499, 'Mult_acc_7': 0.5336, 'MAE': 0.5369, 'Corr': 0.7747}
Best Test Results of One Epoch: {'Has0_acc_2': 0.8289, 'Has0_F1_score': 0.8312, 'Non0_acc_2': 0.8544, 'Non0_F1_score': 0.8527, 'Mult_acc_5': 0.5499, 'Mult_acc_7': 0.5336, 'MAE': 0.5369, 'Corr': 0.7747}
----------------------------------------------------------


----------------- Results Epoch 9 -----------------
Learning Rate: 8e-05
Training Results: {'Has0_acc_2': 0.8878, 'Has0_F1_score': 0.8914, 'Non0_acc_2': 0.9665, 'Non0_F1_score': 0.9665, 'Mult_acc_5': 0.797, 'Mult_acc_7': 0.7688, 'MAE': 0.2549, 'Corr': 0.9536}
Validation Results: {'Has0_acc_2': 0.8167, 'Has0_F1_score': 0.8219, 'Non0_acc_2': 0.8456, 'Non0_F1_score': 0.8453, 'Mult_acc_5': 0.5136, 'Mult_acc_7': 0.4939, 'MAE': 0.59, 'Corr': 0.7452}
Test Results: {'Has0_acc_2': 0.8182, 'Has0_F1_score': 0.8223, 'Non0_acc_2': 0.8525, 'Non0_F1_score': 0.8518, 'Mult_acc_5': 0.5177, 'Mult_acc_7': 0.4842, 'MAE': 0.5906, 'Corr': 0.7687}

Best Validation Results across All Epochs: {'Has0_acc_2': 0.8423, 'Has0_F1_score': 0.8447, 'Non0_acc_2': 0.863, 'Non0_F1_score': 0.8628, 'Mult_acc_5': 0.5521, 'Mult_acc_7': 0.5361, 'MAE': 0.5229, 'Corr': 0.7585}
Best Validation Results of One Epoch: {'Has0_acc_2': 0.8167, 'Has0_F1_score': 0.8233, 'Non0_acc_2': 0.8581, 'Non0_F1_score': 0.8586, 'Mult_acc_5': 0.5521, 'Mult_acc_7': 0.5361, 'MAE': 0.5229, 'Corr': 0.7585}

Best Test Results across All Epochs: {'Has0_acc_2': 0.8289, 'Has0_F1_score': 0.8312, 'Non0_acc_2': 0.8638, 'Non0_F1_score': 0.8642, 'Mult_acc_5': 0.5499, 'Mult_acc_7': 0.5336, 'MAE': 0.5369, 'Corr': 0.7747}
Best Test Results of One Epoch: {'Has0_acc_2': 0.8289, 'Has0_F1_score': 0.8312, 'Non0_acc_2': 0.8544, 'Non0_F1_score': 0.8527, 'Mult_acc_5': 0.5499, 'Mult_acc_7': 0.5336, 'MAE': 0.5369, 'Corr': 0.7747}
----------------------------------------------------------

